<?xml version="1.0" encoding="UTF-8"?>
<!-- Generated by org.testng.reporters.JUnitReportReporter -->
<testsuite hostname="DESKTOP-32VREN9" failures="0" tests="6" name="SeleniumTests.PriorityTest" time="0.016" errors="0" timestamp="2023-09-07T18:42:07 IST" skipped="0">
  <testcase classname="SeleniumTests.PriorityTest" name="Login" time="0.009"/>
  <testcase classname="SeleniumTests.PriorityTest" name="signup" time="0.002"/>
  <testcase classname="SeleniumTests.PriorityTest" name="SearchforFlight" time="0.001"/>
  <testcase classname="SeleniumTests.PriorityTest" name="BookFlight" time="0.001"/>
  <testcase classname="SeleniumTests.PriorityTest" name="BlueTest" time="0.001"/>
  <testcase classname="SeleniumTests.PriorityTest" name="SaveTicket" time="0.002"/>
</testsuite> <!-- SeleniumTests.PriorityTest -->
