<?xml version="1.0" encoding="UTF-8"?>
<!-- Generated by org.testng.reporters.JUnitReportReporter -->
<testsuite hostname="DESKTOP-32VREN9" failures="0" tests="1" name="SeleniumTests.HardANDSoftAsserts" time="14.571" errors="0" timestamp="2025-02-28T18:14:59 IST" skipped="0">
  <testcase classname="SeleniumTests.HardANDSoftAsserts" name="SoftAssertMethod" time="14.571"/>
</testsuite> <!-- SeleniumTests.HardANDSoftAsserts -->
