<?xml version="1.0" encoding="UTF-8"?>
<!-- Generated by org.testng.reporters.JUnitReportReporter -->
<testsuite hostname="DESKTOP-32VREN9" failures="0" tests="1" name="AllTestngConceptsPrograms.FirstTestNGprogram" time="8.031" errors="0" timestamp="2025-01-27T18:39:44 IST" skipped="0">
  <testcase classname="AllTestngConceptsPrograms.FirstTestNGprogram" name="FirstTestGoogle" time="8.031"/>
</testsuite> <!-- AllTestngConceptsPrograms.FirstTestNGprogram -->
