<?xml version="1.0" encoding="UTF-8"?>
<!-- Generated by org.testng.reporters.JUnitReportReporter -->
<testsuite hostname="DESKTOP-32VREN9" failures="0" tests="1" name="SeleniumTests.AssertionsFirst" time="7.922" errors="0" timestamp="2025-02-28T18:16:44 IST" skipped="0">
  <testcase classname="SeleniumTests.AssertionsFirst" name="FirstTestMethod" time="7.922"/>
</testsuite> <!-- SeleniumTests.AssertionsFirst -->
