<?xml version="1.0" encoding="UTF-8"?>
<!-- Generated by org.testng.reporters.JUnitReportReporter -->
<testsuite hostname="DESKTOP-32VREN9" failures="0" tests="1" name="SeleniumTests.HomepagevalidationAndNavigation" time="31.537" errors="0" timestamp="2023-09-07T17:17:38 IST" skipped="0">
  <testcase classname="SeleniumTests.HomepagevalidationAndNavigation" name="Homepagevalidation" time="31.537"/>
</testsuite> <!-- SeleniumTests.HomepagevalidationAndNavigation -->
